1556730969071	mozrunner::runner	INFO	Running command: "C:\\Program Files\\Mozilla Firefox\\firefox.exe" "-marionette" "-foreground" "-no-remote" "-profile" "C:\\Users\\gus\\AppData\\Local\\Temp\\rust_mozprofile.k86JF2acKp8y"
1556731083499	addons.webextension.screenshots@mozilla.org	WARN	Loading extension 'screenshots@mozilla.org': Reading manifest: Invalid extension permission: mozillaAddons
1556731083501	addons.webextension.screenshots@mozilla.org	WARN	Loading extension 'screenshots@mozilla.org': Reading manifest: Invalid extension permission: resource://pdf.js/
1556731083502	addons.webextension.screenshots@mozilla.org	WARN	Loading extension 'screenshots@mozilla.org': Reading manifest: Invalid extension permission: about:reader*
Exiting due to channel error.
istening on port 50056
Exiting due to channel error.
[GPU 57204, Chrome_ChildThread] WARNING: pipe error: 232: file z:/build/build/src/ipc/chromium/src/chrome/commExiting due to channel error.

###!!! [Parent][RunMessage] Error: Channel error: cannot send/recv


###!!! [Parent][RunMessage] Error: Channel error: cannot send/recv


###!!! [Parent][RunMessage] Error: Channel error: cannot send/recv


###!!! [Parent][RunMessage] Error: Channel error: cannot send/recv

rent][RunMessage] Error: Channel error: cannot send/recv

ot send/recv


###!!! [Parent][RunMessage] Error[Parent 29284, Gecko_IOThread] WExiting due to channel error.
:/build/build/src/ipc/chromium/src/chrome/common/ipc_channel_win.cc, line 332

###!!! [Parent][MessageChannel] Error: (msgtype=0x1E0098,name=PBrowser::Msg_UpdateNativeWindowHandle) Closed channel: cannot send/recv


###!!! [Parent][MessageChannel] Error: (msgtype=0x1E0087,name=PBrowser::Msg_Destroy) Closed channel: cannot send/recv

[Child 11812, Chrome_ChildThread] WARNING: pipe error: 109: file z:/build/build/src/ipc/chromium/src/chrome/common/ipc_channel_win.cc, line 332
[Child 11812, Chrome_ChildThread] WARNING: pipe error: 109: file z:/build/build/src/ipc/chromium/src/chrome/common/ipc_channel_win.cc, line 332

###!!! [Child][MessageChannel] Error: (msgtype=0x1E0001,name=PBrowser::Msg_AsyncMessage) Closed channel: cannot send/recv

JavaScript error: resource:///actors/AboutReaderChild.jsm, line 80: NS_ERROR_UNEXPECTED: 
[Parent 29284, Gecko_IOThread] WARNING: pipe error: 109: file z:/build/build/src/ipc/chromium/src/chrome/common/ipc_channel_win.cc, line 332

###!!! [Child][MessageChannel] Error: (msgtype=0x350112,name=PContent::Msg_DetachBrowsingContext) Closed channel: cannot send/recv

r: Channel error: cannot send/recv


###!!! [Parent][RunMessage] Error: Channel error: cannot send/recv

nMessage] Error: Channel error: cannot send/recv

v

3000B,name=PComp
###!!! [Parent][MessageChannel] Error: (msgtype=0x33000B,name=PCompositorWidget::Msg_UnobserveVsync) Channel error: cannot send/recv

le) EJavaScript error: resource://activity-stream/lib/ActivityStreamPrefs.jsm, line 23: NS_ERROR_ILLEGAL_VALUE: Component returned failure code: 0x80070057 (NS_ERROR_ILLEGAL_VALUE) [nsIPrefBranch.removeObserver]
Exiting due to channel error.
Exiting due to channel error.
on/ipc_channel_win.cc, line 332
[Child 96568, Chrome_ChildThread] WARNING: pipe error: 109: file [Parent 29236, Gecko_IOThread] WARNING: pipe error: 109: file z:/build/build/src/ipc/chromium/src/chrome/common/ipc_channel_win.cc, line 332
[Child 87896, Chrome_ChildThread] WARNING: pipe error: 109: file z:/build/build/src/ipc/chromium/src/chrome/common/ipc_channel_win.cc, line 332
[Child 87896, Chrome_ChildThread] WARNING: pipe error: 109: file z:/build/build/src/ipc/chromium/src/chrome/common/ipc_channel_win.cc, line 332
due to channel error.
romium/src/chromeExiting due to channel error.
e 332
[GFX1-]: Receive IPC close with reason=AbnormalShutdown
[GFX1-]: ReceiExiting due to channel error.
Exiting due to channel error.
or.
ldThread] WAR[GFX1-]: Receive IPC close with reason=Exiting due to channel error.
Exiting due to cha[GFX1-]: Rece[GFX1-]: Receive IPC closeExiting due to channel error.
Exiting due to channel error.
src/ipc/chromium/src/cExiting due to channel error.
, line 332[[Child 75224, Chrome_ChildThread] WARNING: pipe error: 109: file z:/build/build/src/ipc/chromium/src/cExiting due to channel error.
ith reason=AbnormalShutdowExiting due toJavaScript error: resource:///modules/aboutpages/AboutPrivateBrowsingHandler.jsm, line 28: TypeError: this.pageListener is undefined
[Parent 29252, Gecko_IOThread] WARNING: pipe error: 109: file z:/build/build/src/ipc/chromium/src/chrome/common/ipc_channel_win.cc, line 332
[Child 68740, Chrome_ChildThread] WARNING: pipe error: 109: file z:/build/build/src/ipc/chromium/src/chrome/common/ipc_channel_win.cc, line 332
[Parent 29252, Gecko_IOThread] WARNING: pipe error: 109: file z:/build/build/src/ipc/chromium/src/chrome/common/ipc_channel_win.cc, line 332
[Parent 29252, Gecko_IOThread] WARNING: pipe error: 109: file z:/build/build/src/ipc/chromium/src/chrome/common/ipc_channel_win.cc, line 332
[Child 84552, Chrome_ChildThread] WARNING: pipe error: 109: file z:/build/build/src/ipc/chromium/src/chrome/common/ipc_channel_win.cc, line 332
[Child 84552, Chrome_ChildThread] WARNING: pipe error: 109: file z:/build/build/src/ipc/chromium/src/chrome/common/ipc_channel_win.cc, line 332
[Child 41596, Chrome_ChildThread] WARNING: pipe error: 109: file z:/build/build/src/ipc/chromium/src/chrome/common/ipc_channel_win.cc, line 332

###!!! [Parent][MessageChannel] Error: (msgtype=0x1E0098,name=PBrowser::Msg_UpdateNativeWindowHandle) Closed channel: cannot send/recv


###!!! [Parent][MessageChannel] Error: (msgtype=0x1E0087,name=PBrowser::Msg_Destroy) Closed channel: cannot send/recv

[Child 41596, Chrome_ChildThread] WARNING: pipe error: 109: file z:/build/build/src/ipc/chromium/src/chrome/common/ipc_channel_win.cc, line 332

###!!! [Child][MessageChannel] Error: (msgtype=0x1E0001,name=PBrowser::Msg_AsyncMessage) Closed channel: cannot send/recv

JavaScript error: resource:///actors/AboutReaderChild.jsm, line 80: NS_ERROR_UNEXPECTED: 

###!!! [Child][MessageChannel] Error: (msgtype=0x350112,name=PContent::Msg_DetachBrowsingContext) Closed channel: cannot send/recv

ce://gre/modules/Sqlite.jsm", 870))
JavaScript error: resource://activity-stream/lib/ActivityStreamPrefs.jsm, line 23: NS_ERROR_ILLEGAL_VALUE: Component returned failure code: 0x80070057 (NS_ERROR_ILLEGAL_VALUE) [nsIPrefBranch.removeObserver]
Exiting due to channel error.
riteState@resource:///modules/sessionstore/SessionSaver.jsm:356:12\n_saveState@resource:///modules/sessionstore/SessionSaver.jsm:294:12\n_saveStateAsync@resource:///modules/sessionstore/SessionSaver.jsm:340:5\nsaveStateAsyncWhenIdle@resource:///modules/sessionstore/SessionSaver.jsm:191:9\n"
1556731957085	Marionette	INFO	Listening on port 49527
Exiting due to channel error.
Exiting due to channel error.
ashMonitor.jsm:init:168","jar:file:///C:/Program%20Files/Mozilla%20Firefox/omni.ja!/components/nsCrashMonitor.js:observe:24"]}]},"filename":"resource://gre/modules/osfile/osfile_async_front.jsm","lineNumber":1463,"stack":["resource://gre/modules/osfile/osfile_async_front.jsm:setupShutdown:1463","resource://gre/modules/osfile/osfile_async_front.jsm:null:1483","resource://gre/modules/osfile.jsm:null:11","resource://gre/modules/addons/GMPProvider.jsm:null:13","resource://gre/modules/AddonManager.jsm:startup:786","resource://gre/modules/AddonManager.jsm:startup:2775","jar:file:///C:/Program%20Files/Mozilla%20Firefox/omni.ja!/components/addonManager.js:observe:66"]},{"name":"AddonManager: shutting down.","state":[{"name":"AddonManager: Waiting for providers to shut down.","state":[{"name":"JSON store: writing data","state":"(none)","filename":"resource://gre/modules/JSONFile.jsm","lineNumber":117,"stack":["resource://gre/modules/JSONFile.jsm:JSONFile:117","resource://gre/modules/addons/XPIProvider.jsm:save:1448","resource://gre/modules/addons/XPIDatabase.jsm:updateXPIStates:1939","resource://gre/modules/addons/XPIDatabase.jsm:makeAddonVisible:1962","resource://gre/modules/addons/XPIDatabase.jsm:applyStartupChange:2871","resource://gre/modules/addons/XPIDatabase.jsm:processFileChanges:2747","resource://gre/modules/addons/XPIProvider.jsm:checkForChanges:2570","resource://gre/modules/addons/XPIProvider.jsm:startup:2148","resource://gre/modules/AddonManager.jsm:callProvider:203","resource://gre/modules/AddonManager.jsm:_startProvider:652","resource://gre/modules/AddonManager.jsm:startup:805","resource://gre/modules/AddonManager.jsm:startup:2775","jar:file:///C:/Program%20Files/Mozilla%20Firefox/omni.ja!/components/addonManager.js:observe:66"]}]},{"name":"AddonRepository: async shutdown","state":"pending"}],"filename":"resource://gre/modules/AddonManager.jsm","lineNumber":797,"stack":["resource://gre/modules/AddonManager.jsm:startup:797","resource://gre/modules/AddonManager.jsm:startup:2775","jar:file:///C:/Program%20Files/Mozilla%20Firefox/omni.ja!/components/addonManager.js:observe:66"]},{"name":"Places Connection shutdown","state":{"progress":{}},"filename":"z:/build/build/src/toolkit/components/places/Database.cpp","lineNumber":503,"stack":["jar:file:///C:/Program%20Files/Mozilla%20Firefox/omni.ja!/components/nsAsyncShutdown.js:addBlocker:152","resource://gre/modules/PlacesUtils.jsm:null:1800","resource://gre/modules/XPCOMUtils.jsm:get:129","resource://gre/modules/PlacesUtils.jsm:getFolderContents:1168","jar:file:///C:/Program%20Files/Mozilla%20Firefox/browser/omni.ja!/components/nsBrowserGlue.js:getToolbarFolderCount:2188","jar:file:///C:/Program%20Files/Mozilla%20Firefox/browser/omni.ja!/components/nsBrowserGlue.js:_maybeToggleBookmarkToolbarVisibility:2194","jar:file:///C:/Program%20Files/Mozilla%20Firefox/browser/omni.ja!/components/nsBrowserGlue.js:BG__migrateUI:2218","jar:file:///C:/Program%20Files/Mozilla%20Firefox/browser/omni.ja!/components/nsBrowserGlue.js:BG__beforeUIStartup:1028","jar:file:///C:/Program%20Files/Mozilla%20Firefox/browser/omni.ja!/components/nsBrowserGlue.js:BG_observe:716"]}] Barrier: profile-before-change
FATAL ERROR: AsyncShutdown timeout in profile-before-change Conditions: [{"name":"OS.File: flush I/O queued before profileBeforeChange","state":{"launched":true,"shutdown":false,"worker":true,"pendingReset":false,"latestSent":["Wed May 01 2019 13:20:26 GMT-0400 (Eastern Daylight Time)","writeAtomic"],"latestReceived":["Wed May 01 2019 13:20:26 GMT-0400 (Eastern Daylight Time)",523],"messagesSent":22,"messagesReceived":22,"messagesQueued":25,"DEBUG":false,"clients":[{"name":"CrashMonitor: Writing notifications to file after receiving profile-before-change","state":"(none)","filename":"resource://gre/modules/CrashMonitor.jsm","lineNumber":168,"stack":["resource://gre/modules/CrashMonitor.jsm:init:168","jar:file:///C:/Program%20Files/Mozilla%20Firefox/omni.ja!/components/nsCrashMonitor.js:observe:24"]}]},"filename":"resource://gre/modules/osfile/osfile_async_front.jsm","lineNumber":1463,"stack":["resource://gre/modules/osfile/osfile_async_front.jsm:setupShutdown:1463","resource://gre/modules/osfile/osfile_async_front.jsm:null:1483","resource://gre/modules/osfile.jsm:null:11","resource://gre/modules/addons/GMPProvider.jsm:null:13","resource://gre/modules/AddonManager.jsm:startup:786","resource://gre/modules/AddonManager.jsm:startup:2775","jar:file:///C:/Program%20Files/Mozilla%20Firefox/omni.ja!/components/addonManager.js:observe:66"]}] At least one completion condition failed to complete within a reasonable amount of time. Causing a crash to ensure that we do not leave the user with an unresponsive process draining resources.
[Parent 27760, Main Thread] ###!!! ABORT: file resource://gre/modules/osfile/osfile_async_front.jsm, line 1463
[Parent 27760, Main Thread] ###!!! ABORT: file resource://gre/modules/osfile/osfile_async_front.jsm, line 1463
1556750421936	mozrunner::runner	INFO	Running command: "C:\\Program Files\\Mozilla Firefox\\firefox.exe" "-marionette" "-foreground" "-no-remote" "-profile" "C:\\Users\\gus\\AppData\\Local\\Temp\\rust_mozprofile.ZI5IgHOxIrVE"
1556750422347	addons.webextension.screenshots@mozilla.org	WARN	Loading extension 'screenshots@mozilla.org': Reading manifest: Invalid extension permission: mozillaAddons
1556750422348	addons.webextension.screenshots@mozilla.org	WARN	Loading extension 'screenshots@mozilla.org': Reading manifest: Invalid extension permission: resource://pdf.js/
1556750422348	addons.webextension.screenshots@mozilla.org	WARN	Loading extension 'screenshots@mozilla.org': Reading manifest: Invalid extension permission: about:reader*
1556750423582	Marionette	INFO	Listening on port 57373
1556750424049	Marionette	WARN	TLS certificate errors will be ignored for this session
[Parent 41256, Gecko_IOThread] WARNING: pipe error: 109: file z:/build/build/src/ipc/chromium/src/chrome/common/ipc_channel_win.cc, line 332
[Parent 41256, Gecko_IOThread] WARNING: pipe error: 109: file z:/build/build/src/ipc/chromium/src/chrome/common/ipc_channel_win.cc, line 332
[Child 27340, Chrome_ChildThread] WARNING: pipe error: 109: file z:/build/build/src/ipc/chromium/src/chrome/common/ipc_channel_win.cc, line 332
[Child 27340, Ch[Child 47180, Chrome_ChildThread] WARNING: pipe error: 109: file z:/build/build/src/ipc/chromium/src/chrome/common/ipc_channel_win.cc, line 332
[Child 47180, C[Parent 41256, Gecko_IOThread] WARNING: pipe error: 109: file z:/build/build/src/ipc/chromium/src/chrome/common/ipc_channel_win.cc, line 332
1556750454546	Marionette	INFO	Stopped listening on port 57373
[GPU 40704, Ch
###!!! [Child][RunMessage] Error: Channel closing: too late to send/recv, messages will be lost


###!!! [Child][MessageChannel::SendAndWait] Error: Channel error: cannot send/recv

1556750472079	mozrunner::runner	INFO	Running command: "C:\\Program Files\\Mozilla Firefox\\firefox.exe" "-marionette" "-foreground" "-no-remote" "-profile" "C:\\Users\\gus\\AppData\\Local\\Temp\\rust_mozprofile.XLnFh8ezTlL5"
1556750472498	addons.webextension.screenshots@mozilla.org	WARN	Loading extension 'screenshots@mozilla.org': Reading manifest: Invalid extension permission: mozillaAddons
1556750472498	addons.webextension.screenshots@mozilla.org	WARN	Loading extension 'screenshots@mozilla.org': Reading manifest: Invalid extension permission: resource://pdf.js/
1556750472499	addons.webextension.screenshots@mozilla.org	WARN	Loading extension 'screenshots@mozilla.org': Reading manifest: Invalid extension permission: about:reader*
1556750474828	Marionette	INFO	Listening on port 57422
1556750475306	Marionette	WARN	TLS certificate errors will be ignored for this session
console.error: BroadcastService: 
  receivedBroadcastMessage: handler for
  remote-settings/monitor_changes
  threw error:
  Message: Error: Polling for changes failed: NetworkError when attempting to fetch resource..
  Stack:
    remoteSettingsFunction/remoteSettings.pollChanges@resource://services-settings/remote-settings.js:190:13

[Parent 15676, Gecko_IOThread] WARNING: pipe error: 109: file z:/build/build/src/ipc/chromium/src/chrome/common/ipc_channel_win.cc, line 332
[Parent 15676, Gecko_IOThread] WARNING: pipe error: 109: file z:/build/build/src/ipc/chromium/src/chrome/common/ipc_channel_win.cc, line 332
[Child 30452, Chrome_ChildThread] WARNING: pipe error: 109: file z:/build/build/src/ipc/chromium/src/chrome/common/ipc_channel_win.cc, line 332
[Child 217[Ch24, Cild 30452, hrome_ChildThread] WARNING: pipe error: 109: file z:/build/build/src/ipc/chromium/src/chrome/common/ipc_channel_win.cc, line 332
[Child 21[Parent 15676, Gecko_IOThread] WARNING: pipe error: 109: file z:/build/build/src/ipc/chromium/src/chrome/common/ipc_channel_win.cc, line 332
[Child 51304, Chrome_ChildThread] WARNING: pipe error: 109: file z:/build/build/src/ipc/chromium/src/chrome/common/ipc_channel_win.cc, line 332
[Child 51304, Chrome_ChildThread1556750677845	Marionette	INFO	Stopped listening on port 57422

###!!! [Child][RunMessage] Error: Channel closing: too late to send/recv, messages will be lost

[GPU 
###!!! [Child][MessageChannel::SendAndWait] Error: Channel error: cannot send/recv

1556750708572	mozrunner::runner	INFO	Running command: "C:\\Program Files\\Mozilla Firefox\\firefox.exe" "-marionette" "-foreground" "-no-remote" "-profile" "C:\\Users\\gus\\AppData\\Local\\Temp\\rust_mozprofile.wvhU6ItJ7gnk"
1556750709213	addons.webextension.screenshots@mozilla.org	WARN	Loading extension 'screenshots@mozilla.org': Reading manifest: Invalid extension permission: mozillaAddons
1556750709214	addons.webextension.screenshots@mozilla.org	WARN	Loading extension 'screenshots@mozilla.org': Reading manifest: Invalid extension permission: resource://pdf.js/
1556750709214	addons.webextension.screenshots@mozilla.org	WARN	Loading extension 'screenshots@mozilla.org': Reading manifest: Invalid extension permission: about:reader*
1556750715976	Marionette	INFO	Listening on port 57528
1556750716123	Marionette	WARN	TLS certificate errors will be ignored for this session
console.error: BroadcastService: 
  receivedBroadcastMessage: handler for
  remote-settings/monitor_changes
  threw error:
  Message: Error: Polling for changes failed: NetworkError when attempting to fetch resource..
  Stack:
    remoteSettingsFunction/remoteSettings.pollChanges@resource://services-settings/remote-settings.js:190:13

[Parent 28388, Gecko_IOThread] WARNING: pipe error: 109: file z:/build/build/src/ipc/chromium/src/chrome/common/ipc_channel_win.cc, line 332
[Child 50128, Chrome_ChildThread] WARNING: pipe error: 109: file z:/build/build/src/ipc/chromium/src/chrome/common/ipc_channel_win.cc, line 332
[Child 50128, Chrome_Chil[Child 10580, Chrome_ChildThread] WARNING: pipe error: 109: file z:/build/build/src/ipc/chromium/src/chrome/common/ipc_channel_win.cc, line 332
[Child 10580, Chrome_ChildThread][Parent 28388, Gecko_IOThread] WARNING: pipe error: 109: file z:/build/build/src/ipc/chromium/src/chrome/common/ipc_channel_win.cc, line 332
[Child 41528, Chrome_ChildThread] WARNING: pipe error: 109: file z:/build/build/src/ipc/chromium/src/chrome/common/ipc_channel_win.cc, line 332
[Child 41528, Chrome_Chil1556750828312	Marionette	INFO	Stopped listening on port 57528

###!!! [Child][RunMessage] Error: Channel closing: too late to send/recv, messages will be lost

[
###!!! [Child][MessageChannel::SendAndWait] Error: Channel error: cannot send/recv

ssageChannel::SendAndWait] Error: Channel error: cannot send/recv

Channel error: cannot send/recv

annot send/recv

1556750838911	mozrunner::runner	INFO	Running command: "C:\\Program Files\\Mozilla Firefox\\firefox.exe" "-marionette" "-foreground" "-no-remote" "-profile" "C:\\Users\\gus\\AppData\\Local\\Temp\\rust_mozprofile.mxeEeNzmg3oo"
1556750841320	addons.webextension.screenshots@mozilla.org	WARN	Loading extension 'screenshots@mozilla.org': Reading manifest: Invalid extension permission: mozillaAddons
1556750841321	addons.webextension.screenshots@mozilla.org	WARN	Loading extension 'screenshots@mozilla.org': Reading manifest: Invalid extension permission: resource://pdf.js/
1556750841321	addons.webextension.screenshots@mozilla.org	WARN	Loading extension 'screenshots@mozilla.org': Reading manifest: Invalid extension permission: about:reader*
[Parent 12460, Gecko_IOThread] WARNING: pipe error: 109: file z:/build/build/src/ipc/chromium/src/chrome/common/ipc_channel_win.cc, line 332
1556750858718	Marionet1556750858862	Marionette	INFO	Lis1556750859380	Marionet1556750859645	Marionette	WARN	TLS certificate errors will be ignoconsole.error: console.error: BroadcastService: 
  receivedBroadcastMessage: handler for
  remote-settings/monitor_changes
  threw error:
  Mconsole.errorconsole.error: BroadcastService: 
  receivedBroadcastMessage: handler for
  remote-settings/monitor_changes
  threw error:
  Message: Error: Polling for changes failed: NetworkError w[Parent 48084, Gecko_I[Parent 23636, Gecko_IOThread] WARNING: pipe error: 109: file z:/build/build/src/ipc/chromium/src/chrome/common/ipc_channel_win.cc, lin[Parent 14988, Gecko_IOThread] WARNING: pipe error: 109: file z:/build/build/src/ipc/chromium/src/chrome/common/ipc_channel_win.cc, line 332
[Parent 14988, Gecko_IOThread] WARNING: pipe error: 109: file z:/build/build/src/ipc/chromium/src/chrome/common/ipc_channel_win.cc, line 332
[Child 36956, Chrome_ChildThread] WARNING: pipe error: 109: file z:/build/build/src/ipc/chromium/src/chrome/common/ipc_channel_win.[Chilcc,d 20972, C lihrome_Chine 332
ldThread] WARNING: p[Child 3695ipe error: 109: file z:/build/build/src/ipc/chromium/src/chrome/common/ipc_channel_win.cc, line 332
[Child 20972, Chro[Parent 14988, Gecko_IOThread] WARNING: pipe error: 109: file z:/build/build/src/ipc/chromium/src/chrome/common/ipc_channel_win.cc, line 332
[Child 41464, Chrome_ChildThread] WARNING: pipe error: 109: file z:/build/build/src/ipc/chromium/src/chrome/common/ipc_channel_win.cc, line 332
[Child 41464, Chro1556750938017	Marionette	INFO	Stopped listening on port 57822
[G
###!!! [Child][RunMessage] Error: Channel closing: too late to send/recv, messages will be lost

P
###!!! [Child][MessageChannel::SendAndWait] Error: Channel error: cannot send/recv

1556751037899	mozrunner::runner	INFO	Running command: "C:\\Program Files\\Mozilla Firefox\\firefox.exe" "-marionette" "-foreground" "-no-remote" "-profile" "C:\\Users\\gus\\AppData\\Local\\Temp\\rust_mozprofile.vvWOONMZYUYK"
1556751039866	addons.webextension.screenshots@mozilla.org	WARN	Loading extension 'screenshots@mozilla.org': Reading manifest: Invalid extension permission: mozillaAddons
1556751039867	addons.webextension.screenshots@mozilla.org	WARN	Loading extension 'screenshots@mozilla.org': Reading manifest: Invalid extension permission: resource://pdf.js/
1556751039867	addons.webextension.screenshots@mozilla.org	WARN	Loading extension 'screenshots@mozilla.org': Reading manifest: Invalid extension permission: about:reader*
[Parent 20596, Gecko_IOThread] WARNING: pipe error: 109[Parent 44244, Gecko_IOThread] WARNING: pipe error: 109: file z:/build/build/src/ipc/ch1556751063496	Marionette	INFO	Listening on port 58714[[Parent 37824, Gecko_IOThread] WARNING: pipe error: 109: file z:/build/build/src/ipc/chromium/src/chrome/common/ipc_channel_win.cc, line 332
[Pa[Parent 10956, Gecko_IOThread] WARNING: pipe error: 109: file z:/build/build/src/ipc/chromium/src/chrome/common/ipc_channel_win.cc, line 332
[Parent 10956, Gecko_IOThread] WARNING: pipe error: 109: file z:/build/build/src/ipc/chromium/src/chrome/common/ipc_channel_win.cc, line 332
[Child 47704, Chrome_ChildThread] WARNING: pipe error: 109: file z:/build/build/src/ipc/chromium/src/c[Chilhromd 2e/71co56, Cmmon/ipchro_channelme_win_Child.cc,Thread] WARNING: pi line 332p
e error: 109: fi[Chille zd 47704, Chro:/build/build/src/ipc/chromium/src/chrome/common/ipc_channel_win.cc, line 332
[Child 2[Parent 10956, Gecko_IOThread] WARNING: pipe error: 109: file z:/build/build/src/ipc/chromium/src/chrome/common/ipc_channel_win.cc, line 332
[Child 36336, Chrome_ChildThread] WARNING: pipe error: 109: file z:/build/build/src/ipc/chromium/src/chrome/common/ipc_channel_win.cc, line 332
[1556751075153	Marionette	INFO	Stopped listening on port 58723
[GPU
###!!! [Child][MessageChannel::SendAndWait] Error: Channel error: cannot send/recv

not send/recv

rror: Channel closing: too late to send/recv, messages will be lost

[
###!!! [Child][MessageChannel::SendAndWait] Error: Channel error: cannot send/recv

essages will be lost

[GPU 4605
###!!! [Child][MessageChannel::SendAndWait] Error: Channel error: cannot send/recv

